0 info it worked if it ends with ok
1 verbose cli [ 'node', '/usr/local/bin/npm', 'install', 'supervisor', '-g' ]
2 info using npm@1.1.65
3 info using node@v0.8.14
4 verbose read json /usr/local/lib/package.json
5 verbose read json /usr/local/lib/package.json
6 verbose cache add [ 'supervisor', null ]
7 silly cache add name=undefined spec="supervisor" args=["supervisor",null]
8 verbose parsed url { pathname: 'supervisor',
8 verbose parsed url   path: 'supervisor',
8 verbose parsed url   href: 'supervisor' }
9 silly lockFile 0f4d09e4-supervisor supervisor
10 verbose lock supervisor /Users/mike/.npm/0f4d09e4-supervisor.lock
11 silly lockFile 0f4d09e4-supervisor supervisor
12 verbose addNamed [ 'supervisor', '' ]
13 verbose addNamed [ null, '' ]
14 silly lockFile b28163ae-supervisor supervisor@
15 verbose lock supervisor@ /Users/mike/.npm/b28163ae-supervisor.lock
16 silly addNameRange { name: 'supervisor', range: '', hasData: false }
17 verbose url raw supervisor
18 verbose url resolving [ 'https://registry.npmjs.org/', './supervisor' ]
19 verbose url resolved https://registry.npmjs.org/supervisor
20 info trying registry request attempt 1 at 10:55:33
21 verbose etag "A6W0BMTO8ZHDS0JWVWNVNO2EL"
22 http GET https://registry.npmjs.org/supervisor
23 http 304 https://registry.npmjs.org/supervisor
24 silly registry.get cb [ 304,
24 silly registry.get   { server: 'CouchDB/1.2.1 (Erlang OTP/R15B)',
24 silly registry.get     etag: '"A6W0BMTO8ZHDS0JWVWNVNO2EL"',
24 silly registry.get     date: 'Thu, 17 Jan 2013 10:54:02 GMT',
24 silly registry.get     'content-length': '0' } ]
25 verbose etag supervisor from cache
26 silly addNameRange number 2 { name: 'supervisor', range: '', hasData: true }
27 silly addNameRange versions [ 'supervisor',
27 silly addNameRange   [ '0.0.4',
27 silly addNameRange     '0.0.5',
27 silly addNameRange     '0.0.6',
27 silly addNameRange     '0.1.0',
27 silly addNameRange     '0.1.1',
27 silly addNameRange     '0.1.2',
27 silly addNameRange     '0.1.3',
27 silly addNameRange     '0.2.0',
27 silly addNameRange     '0.3.0',
27 silly addNameRange     '0.3.1',
27 silly addNameRange     '0.3.2',
27 silly addNameRange     '0.3.3',
27 silly addNameRange     '0.3.4',
27 silly addNameRange     '0.3.5',
27 silly addNameRange     '0.3.6',
27 silly addNameRange     '0.4.0',
27 silly addNameRange     '0.4.1',
27 silly addNameRange     '0.5.0' ] ]
28 verbose addNamed [ 'supervisor', '0.5.0' ]
29 verbose addNamed [ '0.5.0', '0.5.0' ]
30 silly lockFile 75b47f34-supervisor-0-5-0 supervisor@0.5.0
31 verbose lock supervisor@0.5.0 /Users/mike/.npm/75b47f34-supervisor-0-5-0.lock
32 verbose read json /Users/mike/.npm/supervisor/0.5.0/package/package.json
33 silly lockFile 75b47f34-supervisor-0-5-0 supervisor@0.5.0
34 silly lockFile b28163ae-supervisor supervisor@
35 silly resolved [ { name: 'supervisor',
35 silly resolved     version: '0.5.0',
35 silly resolved     description: 'A supervisor program for running nodejs programs',
35 silly resolved     author: { name: 'Isaac Z. Schlueter', email: 'i@izs.me' },
35 silly resolved     contributors:
35 silly resolved      [ [Object],
35 silly resolved        [Object],
35 silly resolved        [Object],
35 silly resolved        [Object],
35 silly resolved        [Object],
35 silly resolved        [Object],
35 silly resolved        [Object],
35 silly resolved        [Object],
35 silly resolved        [Object],
35 silly resolved        [Object],
35 silly resolved        [Object],
35 silly resolved        [Object],
35 silly resolved        [Object],
35 silly resolved        [Object],
35 silly resolved        [Object],
35 silly resolved        [Object] ],
35 silly resolved     repository:
35 silly resolved      { type: 'git',
35 silly resolved        url: 'git://github.com/isaacs/node-supervisor.git' },
35 silly resolved     bugs: 'https://github.com/isaacs/node-supervisor/issues',
35 silly resolved     homepage: 'https://github.com/isaacs/node-supervisor/',
35 silly resolved     main: 'lib/supervisor.js',
35 silly resolved     bin:
35 silly resolved      { 'node-supervisor': 'lib/cli-wrapper.js',
35 silly resolved        supervisor: 'lib/cli-wrapper.js' },
35 silly resolved     engines: { node: '>=0.3.7' },
35 silly resolved     preferGlobal: true,
35 silly resolved     readme: '# node-supervisor\n\nA little supervisor script for nodejs. It runs your program, and\nwatches for code changes, so you can have hot-code reloading-ish\nbehavior, without worrying about memory leaks and making sure you\nclean up all the inter-module references, and without a whole new\n`require` system.\n\n## node-supervisor -?\n\n\n    Node Supervisor is used to restart programs when they crash.\n    It can also be used to restart programs when a *.js file changes.\n\n    Usage:\n      supervisor [options] <program>\n      supervisor [options] -- <program> [args ...]\n\n    Required:\n      <program>\n        The program to run.\n\n    Options:\n      -w|--watch <watchItems>\n        A comma-delimited list of folders or js files to watch for changes.\n        When a change to a js file occurs, reload the program\n        Default is \'.\'\n\n      -e|--extensions <extensions>\n        Specific file extensions to watch in addition to defaults.\n        Used when --watch option includes folders\n        Default is \'node|js\'\n\n      -x|--exec <executable>\n        The executable that runs the specified program.\n        Default is \'node\'\n\n      --debug\n        Start node with --debug flag.\n\n      --debug-brk\n        Start node with --debug-brk flag.\n\n      -n|--no-restart-on error|exit\n        Don\'t automatically restart the supervised program if it ends.\n        Supervisor will wait for a change in the source files.\n        If "error", an exit code of 0 will still restart.\n        If "exit", no restart regardless of exit code.\n\n      -h|--help|-?\n        Display these usage instructions.\n\n      -q|--quiet\n        Suppress DEBUG messages\n\n    Examples:\n      supervisor myapp.js\n      supervisor myapp.coffee\n      supervisor -w scripts -e myext -x myrunner myapp\n      supervisor -w lib,server.js,config.js server.js\n      supervisor -- server.js -h host -p port\n\n\n## Simple Install\n\nInstall npm, and then do this:\n\n    npm install supervisor -g\n\nYou don\'t even need to download or fork this repo at all.\n\n## Fancy Install\n\nGet this code, install npm, and then do this:\n\n    npm link\n\n## todo\n\n1. Re-attach to a process by pid. If the supervisor is\nbackgrounded, and then disowned, the child will keep running. At\nthat point, the supervisor may be killed, but the child will keep\non running. It\'d be nice to have two supervisors that kept each\nother up, and could also perhaps run a child program.\n2. Run more types of programs than just "node blargh.js".\n3. Be able to run more than one program, so that you can have two\nsupervisors supervise each other, and then also keep some child\nserver up.\n4. When watching, it\'d be good to perhaps bring up a new child\nand then kill the old one gently, rather than just crashing the\nchild abruptly.\n5. Keep the pid in a safe place, so another supervisor can pull\nit out if told to supervise the same program.\n6. It\'d be pretty cool if this program could be run just like\ndoing `node blah.js`, but could somehow "know" which files had\nbeen loaded, and restart whenever a touched file changes.\n',
35 silly resolved     readmeFilename: 'README.md',
35 silly resolved     _id: 'supervisor@0.5.0',
35 silly resolved     _from: 'supervisor' } ]
36 info install supervisor@0.5.0 into /usr/local/lib
37 info installOne supervisor@0.5.0
38 verbose from cache /Users/mike/.npm/supervisor/0.5.0/package/package.json
39 info /usr/local/lib/node_modules/supervisor unbuild
40 verbose read json /usr/local/lib/node_modules/supervisor/package.json
41 info preuninstall supervisor@0.5.0
42 info uninstall supervisor@0.5.0
43 verbose true,/usr/local/lib/node_modules,/usr/local/lib/node_modules unbuild supervisor@0.5.0
44 verbose /usr/local/bin,[object Object] binRoot
45 info /usr/local/lib/node_modules/supervisor unbuild
46 verbose read json /usr/local/lib/node_modules/supervisor/package.json
47 info preuninstall supervisor@0.5.0
48 info uninstall supervisor@0.5.0
49 verbose true,/usr/local/lib/node_modules,/usr/local/lib/node_modules unbuild supervisor@0.5.0
50 verbose /usr/local/bin,[object Object] binRoot
51 error error rolling back Error: EPERM, chmod '/usr/local/bin/node-supervisor'
51 error error rolling back  supervisor@0.5.0 { [Error: EPERM, chmod '/usr/local/bin/node-supervisor']
51 error error rolling back   errno: 50,
51 error error rolling back   code: 'EPERM',
51 error error rolling back   path: '/usr/local/bin/node-supervisor' }
52 error Error: EPERM, chmod '/usr/local/bin/node-supervisor'
52 error  { [Error: EPERM, chmod '/usr/local/bin/node-supervisor']
52 error   errno: 50,
52 error   code: 'EPERM',
52 error   path: '/usr/local/bin/node-supervisor' }
53 error Please try running this command again as root/Administrator.
54 error System Darwin 11.4.2
55 error command "node" "/usr/local/bin/npm" "install" "supervisor" "-g"
56 error cwd /private/var/www/search_engine
57 error node -v v0.8.14
58 error npm -v 1.1.65
59 error path /usr/local/bin/node-supervisor
60 error code EPERM
61 error errno 50
62 error stack Error: EPERM, chmod '/usr/local/bin/node-supervisor'
63 verbose exit [ 50, true ]
